15/11/2025 00:10:51	This log contains information about the import schema operation into project 'ZaawansowaneBazyDanych' on computer 'DESKTOP-NBPE4HJ' by user 'Kuba'.
15/11/2025 00:10:52	Import of database schema has started.
15/11/2025 00:10:54	Gathering logins
15/11/2025 00:11:01	Gathering database credentials
15/11/2025 00:11:01	Gathering database options
15/11/2025 00:11:01	Gathering generic database scoped configuration option
15/11/2025 00:11:01	Gathering users
15/11/2025 00:11:01	Gathering roles
15/11/2025 00:11:01	Gathering application roles
15/11/2025 00:11:01	Gathering role memberships
15/11/2025 00:11:01	Gathering filegroups
15/11/2025 00:11:01	Gathering full-text catalogs
15/11/2025 00:11:01	Gathering assemblies
15/11/2025 00:11:01	Gathering certificates
15/11/2025 00:11:01	Gathering symmetric keys
15/11/2025 00:11:01	Gathering encrypted symmetric keys
15/11/2025 00:11:01	Gathering schemas
15/11/2025 00:11:01	Gathering XML schema collections
15/11/2025 00:11:01	Gathering user-defined data types
15/11/2025 00:11:01	Gathering user-defined types
15/11/2025 00:11:01	Gathering table types
15/11/2025 00:11:01	Gathering unique keys for table types
15/11/2025 00:11:01	Gathering primary keys for table types
15/11/2025 00:11:01	Gathering indexes for table types
15/11/2025 00:11:01	Gathering check constraints for table types
15/11/2025 00:11:01	Gathering default constraints for table types
15/11/2025 00:11:01	Gathering partition functions
15/11/2025 00:11:01	Gathering partition schemes
15/11/2025 00:11:01	Gathering functions
15/11/2025 00:11:01	Gathering encrypted functions
15/11/2025 00:11:01	Gathering aggregates
15/11/2025 00:11:01	Gathering procedures
15/11/2025 00:11:02	Gathering encrypted procedures
15/11/2025 00:11:02	Gathering tables
15/11/2025 00:11:02	Gathering primary keys
15/11/2025 00:11:02	Gathering unique constraints
15/11/2025 00:11:02	Gathering foreign keys
15/11/2025 00:11:02	Gathering default constraints
15/11/2025 00:11:03	Gathering check constraints
15/11/2025 00:11:03	Gathering views
15/11/2025 00:11:03	Gathering encrypted views
15/11/2025 00:11:03	Gathering indexes
15/11/2025 00:11:03	Gathering statistics
15/11/2025 00:11:03	Gathering full-text index stoplists
15/11/2025 00:11:03	Gathering search property lists
15/11/2025 00:11:03	Gathering search properties
15/11/2025 00:11:03	Gathering full-text indexes
15/11/2025 00:11:03	Gathering column store indexes
15/11/2025 00:11:04	Gathering spatial indexes
15/11/2025 00:11:04	Gathering XML indexes
15/11/2025 00:11:04	Gathering JSON indexes
15/11/2025 00:11:04	Gathering Selective XML indexes
15/11/2025 00:11:04	Gathering encrypted triggers
15/11/2025 00:11:04	Gathering triggers
15/11/2025 00:11:04	Gathering encrypted and clr ddl triggers
15/11/2025 00:11:04	Gathering ddl triggers
15/11/2025 00:11:04	Creating edge constraints
15/11/2025 00:11:04	Gathering synonyms
15/11/2025 00:11:04	Gathering defaults
15/11/2025 00:11:04	Gathering data constraint uddt bindings
15/11/2025 00:11:04	Gathering rules
15/11/2025 00:11:04	Gathering data constraint uddt bindings
15/11/2025 00:11:04	Gathering message types
15/11/2025 00:11:04	Gathering queues
15/11/2025 00:11:04	Gathering contracts
15/11/2025 00:11:04	Gathering services
15/11/2025 00:11:04	Gathering event notifications
15/11/2025 00:11:04	Gathering remote service bindings
15/11/2025 00:11:04	Gathering broker priorities
15/11/2025 00:11:04	Gathering signatures
15/11/2025 00:11:04	Gathering compression options
15/11/2025 00:11:04	Gathering sequence types
15/11/2025 00:11:04	Gathering security policies
15/11/2025 00:11:04	Gather column encryption keys
15/11/2025 00:11:04	Gathering column master keys
15/11/2025 00:11:04	Gathering external data sources
15/11/2025 00:11:04	Gathering external file formats
15/11/2025 00:11:04	Gathering external tables
15/11/2025 00:11:04	Gathering XML index compression options
15/11/2025 00:11:04	Gathering extended properties
15/11/2025 00:11:04	Gathering assemblies
15/11/2025 00:11:04	Gathering logins
15/11/2025 00:11:06	Scanning project for duplicate elements
15/11/2025 00:11:06	Finished duplicate element processing
15/11/2025 00:11:09	Finished importing database.
15/11/2025 00:11:09	A summary of the import was saved to the following location: C:\Users\Kuba\source\repos\ZaawansowaneBazyDanych\ZaawansowaneBazyDanych\Import Schema Logs\ZaawansowaneBazyDany_20251114111051.log
15/11/2025 00:11:09	Click Finish to continue...
